0 info it worked if it ends with ok
1 verbose cli [ 'C:\\Program Files\\nodejs\\node.exe',
1 verbose cli   'C:\\Users\\Administrator\\AppData\\Roaming\\npm\\node_modules\\npm\\bin\\npm-cli.js',
1 verbose cli   'publish' ]
2 info using npm@4.1.1
3 info using node@v6.7.0
4 verbose publish [ '.' ]
5 silly cache add args [ '.', null ]
6 verbose cache add spec .
7 silly cache add parsed spec Result {
7 silly cache add   raw: '.',
7 silly cache add   scope: null,
7 silly cache add   escapedName: null,
7 silly cache add   name: null,
7 silly cache add   rawSpec: '.',
7 silly cache add   spec: 'C:\\Saidi\\DEV\\React\\create-react-app-ts-lessc\\packages\\react-scripts',
7 silly cache add   type: 'directory' }
8 verbose addLocalDirectory C:\Users\Administrator\AppData\Roaming\npm-cache\react-scripts-ts-lessc\0.0.1\package.tgz not in flight; packing
9 verbose correctMkdir C:\Users\Administrator\AppData\Roaming\npm-cache correctMkdir not in flight; initializing
10 info lifecycle react-scripts-ts-lessc@0.0.1~prepublish: react-scripts-ts-lessc@0.0.1
11 silly lifecycle react-scripts-ts-lessc@0.0.1~prepublish: no script for prepublish, continuing
12 info lifecycle react-scripts-ts-lessc@0.0.1~prepare: react-scripts-ts-lessc@0.0.1
13 silly lifecycle react-scripts-ts-lessc@0.0.1~prepare: no script for prepare, continuing
14 verbose tar pack [ 'C:\\Users\\Administrator\\AppData\\Roaming\\npm-cache\\react-scripts-ts-lessc\\0.0.1\\package.tgz',
14 verbose tar pack   'C:\\Saidi\\DEV\\React\\create-react-app-ts-lessc\\packages\\react-scripts' ]
15 verbose tarball C:\Users\Administrator\AppData\Roaming\npm-cache\react-scripts-ts-lessc\0.0.1\package.tgz
16 verbose folder C:\Saidi\DEV\React\create-react-app-ts-lessc\packages\react-scripts
17 verbose addLocalTarball adding from inside cache C:\Users\Administrator\AppData\Roaming\npm-cache\react-scripts-ts-lessc\0.0.1\package.tgz
18 verbose correctMkdir C:\Users\Administrator\AppData\Roaming\npm-cache correctMkdir not in flight; initializing
19 silly cache afterAdd react-scripts-ts-lessc@0.0.1
20 verbose afterAdd C:\Users\Administrator\AppData\Roaming\npm-cache\react-scripts-ts-lessc\0.0.1\package\package.json not in flight; writing
21 verbose correctMkdir C:\Users\Administrator\AppData\Roaming\npm-cache correctMkdir not in flight; initializing
22 verbose afterAdd C:\Users\Administrator\AppData\Roaming\npm-cache\react-scripts-ts-lessc\0.0.1\package\package.json written
23 silly publish { name: 'react-scripts-ts-lessc',
23 silly publish   version: '0.0.1',
23 silly publish   description: 'Configuration and scripts for Create React App.',
23 silly publish   repository:
23 silly publish    { type: 'git',
23 silly publish      url: 'git+https://github.com/wmonk/create-react-app.git' },
23 silly publish   license: 'BSD-3-Clause',
23 silly publish   engines: { node: '>=4' },
23 silly publish   bugs: { url: 'https://github.com/wmonk/create-react-app/issues' },
23 silly publish   files: [ '.babelrc', 'config', 'bin', 'scripts', 'template', 'utils' ],
23 silly publish   bin: { 'react-scripts-ts': './bin/react-scripts-ts.js' },
23 silly publish   dependencies:
23 silly publish    { autoprefixer: '6.7.2',
23 silly publish      'case-sensitive-paths-webpack-plugin': '1.1.4',
23 silly publish      chalk: '1.1.3',
23 silly publish      'cli-highlight': '1.1.4',
23 silly publish      'connect-history-api-fallback': '1.3.0',
23 silly publish      'cross-spawn': '4.0.2',
23 silly publish      'css-loader': '0.26.1',
23 silly publish      'detect-port': '1.0.1',
23 silly publish      dotenv: '2.0.0',
23 silly publish      'extract-text-webpack-plugin': '1.0.1',
23 silly publish      'file-loader': '0.10.0',
23 silly publish      filesize: '3.3.0',
23 silly publish      'fs-extra': '0.30.0',
23 silly publish      'gzip-size': '3.0.0',
23 silly publish      'html-webpack-plugin': '2.24.0',
23 silly publish      'http-proxy-middleware': '0.17.3',
23 silly publish      jest: '18.1.0',
23 silly publish      'json-loader': '0.5.4',
23 silly publish      'object-assign': '4.1.1',
23 silly publish      'postcss-loader': '1.2.2',
23 silly publish      promise: '7.1.1',
23 silly publish      'react-dev-utils': '^0.4.2',
23 silly publish      'recursive-readdir': '2.1.0',
23 silly publish      'strip-ansi': '3.0.1',
23 silly publish      'style-loader': '0.13.1',
23 silly publish      'ts-loader': '^1.3.1',
23 silly publish      tslint: '^4.0.2',
23 silly publish      'tslint-loader': '^3.3.0',
23 silly publish      'tslint-react': '^2.0.0',
23 silly publish      typescript: '2.2.2',
23 silly publish      'url-loader': '0.5.7',
23 silly publish      webpack: '1.14.0',
23 silly publish      'webpack-dev-server': '1.16.2',
23 silly publish      'webpack-manifest-plugin': '1.1.0',
23 silly publish      'whatwg-fetch': '2.0.2',
23 silly publish      less: '^2.7.2',
23 silly publish      'less-loader': '^2.2.3',
23 silly publish      fsevents: '1.0.17' },
23 silly publish   devDependencies: { react: '^15.3.0', 'react-dom': '^15.3.0' },
23 silly publish   optionalDependencies: { fsevents: '1.0.17' },
23 silly publish   readme: '# react-scripts\r\n\r\nThis package includes scripts and configuration used by [Create React App](https://github.com/facebookincubator/create-react-app).  \r\nPlease refer to its documentation:\r\n\r\n* [Getting Started](https://github.com/facebookincubator/create-react-app/blob/master/README.md#getting-started) – How to create a new app.\r\n* [User Guide](https://github.com/facebookincubator/create-react-app/blob/master/packages/react-scripts/template/README.md) – How to develop apps bootstrapped with Create React App.\r\n',
23 silly publish   readmeFilename: 'README.md',
23 silly publish   homepage: 'https://github.com/wmonk/create-react-app#readme',
23 silly publish   _id: 'react-scripts-ts-lessc@0.0.1',
23 silly publish   scripts: {},
23 silly publish   _shasum: '44d9253006b58c96e4398ae61d40cfa10e4c1c0a',
23 silly publish   _from: '.' }
24 info lifecycle react-scripts-ts-lessc@0.0.1~prepublishOnly: react-scripts-ts-lessc@0.0.1
25 silly lifecycle react-scripts-ts-lessc@0.0.1~prepublishOnly: no script for prepublishOnly, continuing
26 verbose getPublishConfig undefined
27 silly mapToRegistry name react-scripts-ts-lessc
28 silly mapToRegistry using default registry
29 silly mapToRegistry registry https://registry.npmjs.org/
30 silly mapToRegistry data Result {
30 silly mapToRegistry   raw: 'react-scripts-ts-lessc',
30 silly mapToRegistry   scope: null,
30 silly mapToRegistry   escapedName: 'react-scripts-ts-lessc',
30 silly mapToRegistry   name: 'react-scripts-ts-lessc',
30 silly mapToRegistry   rawSpec: '',
30 silly mapToRegistry   spec: 'latest',
30 silly mapToRegistry   type: 'tag' }
31 silly mapToRegistry uri https://registry.npmjs.org/react-scripts-ts-lessc
32 verbose publish registryBase https://registry.npmjs.org/
33 silly publish uploading C:\Users\Administrator\AppData\Roaming\npm-cache\react-scripts-ts-lessc\0.0.1\package.tgz
34 verbose request uri https://registry.npmjs.org/react-scripts-ts-lessc
35 verbose request sending authorization for write operation
36 info attempt registry request try #1 at 3:03:47 PM
37 verbose request using bearer token for auth
38 verbose request id 56705e2b65789016
39 http request PUT https://registry.npmjs.org/react-scripts-ts-lessc
40 http 403 https://registry.npmjs.org/react-scripts-ts-lessc
41 verbose headers { 'content-type': 'application/json',
41 verbose headers   'cache-control': 'max-age=300',
41 verbose headers   'content-length': '93',
41 verbose headers   'accept-ranges': 'bytes',
41 verbose headers   date: 'Wed, 02 May 2018 05:03:18 GMT',
41 verbose headers   via: '1.1 varnish',
41 verbose headers   connection: 'keep-alive',
41 verbose headers   'x-served-by': 'cache-mel19024-MEL',
41 verbose headers   'x-cache': 'MISS',
41 verbose headers   'x-cache-hits': '0',
41 verbose headers   'x-timer': 'S1525237397.257578,VS0,VE1585',
41 verbose headers   vary: 'Accept-Encoding, Accept' }
42 verbose request invalidating C:\Users\Administrator\AppData\Roaming\npm-cache\registry.npmjs.org\react-scripts-ts-lessc on PUT
43 error publish Failed PUT 403
44 verbose stack Error: You cannot publish over the previously published versions: 0.0.1. : react-scripts-ts-lessc
44 verbose stack     at makeError (C:\Users\Administrator\AppData\Roaming\npm\node_modules\npm\node_modules\npm-registry-client\lib\request.js:304:12)
44 verbose stack     at CachingRegistryClient.<anonymous> (C:\Users\Administrator\AppData\Roaming\npm\node_modules\npm\node_modules\npm-registry-client\lib\request.js:292:14)
44 verbose stack     at Request._callback (C:\Users\Administrator\AppData\Roaming\npm\node_modules\npm\node_modules\npm-registry-client\lib\request.js:212:14)
44 verbose stack     at Request.self.callback (C:\Users\Administrator\AppData\Roaming\npm\node_modules\npm\node_modules\request\request.js:186:22)
44 verbose stack     at emitTwo (events.js:106:13)
44 verbose stack     at Request.emit (events.js:191:7)
44 verbose stack     at Request.<anonymous> (C:\Users\Administrator\AppData\Roaming\npm\node_modules\npm\node_modules\request\request.js:1081:10)
44 verbose stack     at emitOne (events.js:96:13)
44 verbose stack     at Request.emit (events.js:188:7)
44 verbose stack     at IncomingMessage.<anonymous> (C:\Users\Administrator\AppData\Roaming\npm\node_modules\npm\node_modules\request\request.js:1001:12)
45 verbose statusCode 403
46 verbose pkgid react-scripts-ts-lessc
47 verbose cwd C:\Saidi\DEV\React\create-react-app-ts-lessc\packages\react-scripts
48 error Windows_NT 6.3.9600
49 error argv "C:\\Program Files\\nodejs\\node.exe" "C:\\Users\\Administrator\\AppData\\Roaming\\npm\\node_modules\\npm\\bin\\npm-cli.js" "publish"
50 error node v6.7.0
51 error npm  v4.1.1
52 error code E403
53 error You cannot publish over the previously published versions: 0.0.1. : react-scripts-ts-lessc
54 error If you need help, you may report this error at:
54 error     <https://github.com/npm/npm/issues>
55 verbose exit [ 1, true ]
